<?xml version="1.0" encoding="UTF-8"?>
<!-- Generated by org.testng.reporters.JUnitReportReporter -->
<testsuite skipped="0" hostname="DESKTOP-VUTJHSN" name="source.Testing" tests="1" failures="0" timestamp="26 Apr 2019 10:30:07 GMT" time="0.024" errors="0">
  <testcase name="mySample" time="0.024" classname="source.Testing"/>
</testsuite> <!-- source.Testing -->
